0 info it worked if it ends with ok
1 verbose cli [ 'node', '/usr/local/bin/npm', 'publish' ]
2 info using npm@2.5.1
3 info using node@v0.12.0
4 verbose publish [ '.' ]
5 silly cache add args [ '.', null ]
6 verbose cache add spec .
7 silly cache add parsed spec { raw: '.',
7 silly cache add   scope: null,
7 silly cache add   name: null,
7 silly cache add   rawSpec: '.',
7 silly cache add   spec: '/Users/dave/git/mft-upload',
7 silly cache add   type: 'directory' }
8 verbose addLocalDirectory /Users/dave/.npm/mft-upload/1.0.0/package.tgz not in flight; packing
9 verbose tar pack [ '/Users/dave/.npm/mft-upload/1.0.0/package.tgz',
9 verbose tar pack   '/Users/dave/git/mft-upload' ]
10 verbose tarball /Users/dave/.npm/mft-upload/1.0.0/package.tgz
11 verbose folder /Users/dave/git/mft-upload
12 info prepublish mft-upload@1.0.0
13 verbose addLocalTarball adding from inside cache /Users/dave/.npm/mft-upload/1.0.0/package.tgz
14 silly cache afterAdd mft-upload@1.0.0
15 verbose afterAdd /Users/dave/.npm/mft-upload/1.0.0/package/package.json not in flight; writing
16 verbose afterAdd /Users/dave/.npm/mft-upload/1.0.0/package/package.json written
17 silly publish { name: 'mft-upload',
17 silly publish   version: '1.0.0',
17 silly publish   description: 'A REST utility for uploading file to a SOAP WebService. It is configurable and works as is with Oracle Managed file transfer (MFT).',
17 silly publish   main: 'index.js',
17 silly publish   scripts: { test: 'mocha' },
17 silly publish   repository: { type: 'git', url: 'https://github.com/gitmft/mft-upload' },
17 silly publish   keywords:
17 silly publish    [ 'REST',
17 silly publish      'files',
17 silly publish      'SOAP',
17 silly publish      'MFT',
17 silly publish      'Oracle',
17 silly publish      'SOA',
17 silly publish      'sdk',
17 silly publish      'utility',
17 silly publish      'adapter' ],
17 silly publish   author:
17 silly publish    { name: 'Dave Berry',
17 silly publish      email: 'obigfiles@gmail.com',
17 silly publish      url: 'https://github.com/gitmft' },
17 silly publish   license: 'ISC',
17 silly publish   bugs: { url: 'https://github.com/gitmft/mft-upload/issues' },
17 silly publish   homepage: 'https://github.com/gitmft/mft-upload',
17 silly publish   readme: '# mft-upload\nA REST utility for uploading file to a SOAP WebService. It is configurable and works as is with Oracle Managed file transfer (MFT).\n',
17 silly publish   readmeFilename: 'README.md',
17 silly publish   gitHead: '36b7bf49557e1542742b902de245bf86955edeb4',
17 silly publish   _id: 'mft-upload@1.0.0',
17 silly publish   _shasum: 'd5f570f8e6c2c84d58b8198216a310b87368e2fd',
17 silly publish   _from: '.' }
18 silly mapToRegistry name mft-upload
19 silly mapToRegistry using default registry
20 silly mapToRegistry registry https://registry.npmjs.org/
21 silly mapToRegistry uri https://registry.npmjs.org/mft-upload
22 verbose publish registryBase https://registry.npmjs.org/
23 silly publish uploading /Users/dave/.npm/mft-upload/1.0.0/package.tgz
24 verbose request uri https://registry.npmjs.org/mft-upload
25 verbose request sending authorization for write operation
26 info attempt registry request try #1 at 5:40:13 PM
27 verbose request using bearer token for auth
28 verbose request id 837a27c3459fe472
29 http request PUT https://registry.npmjs.org/mft-upload
30 http 403 https://registry.npmjs.org/mft-upload
31 verbose headers { 'content-type': 'application/json',
31 verbose headers   'cache-control': 'max-age=60',
31 verbose headers   'content-length': '95',
31 verbose headers   'accept-ranges': 'bytes',
31 verbose headers   date: 'Thu, 07 May 2015 00:40:13 GMT',
31 verbose headers   via: '1.1 varnish',
31 verbose headers   connection: 'close',
31 verbose headers   'x-served-by': 'cache-dfw1823-DFW',
31 verbose headers   'x-cache': 'MISS',
31 verbose headers   'x-cache-hits': '0',
31 verbose headers   'x-timer': 'S1430959212.857625,VS0,VE258' }
32 verbose request invalidating /Users/dave/.npm/registry.npmjs.org/mft-upload on PUT
33 error publish Failed PUT 403
34 verbose stack Error: "You cannot publish over the previously published version 1.0.0." : mft-upload
34 verbose stack     at CachingRegistryClient.<anonymous> (/usr/local/lib/node_modules/npm/node_modules/npm-registry-client/lib/request.js:254:14)
34 verbose stack     at Request._callback (/usr/local/lib/node_modules/npm/node_modules/npm-registry-client/lib/request.js:178:14)
34 verbose stack     at Request.self.callback (/usr/local/lib/node_modules/npm/node_modules/request/request.js:344:22)
34 verbose stack     at Request.emit (events.js:110:17)
34 verbose stack     at Request.<anonymous> (/usr/local/lib/node_modules/npm/node_modules/request/request.js:1239:14)
34 verbose stack     at Request.emit (events.js:129:20)
34 verbose stack     at IncomingMessage.<anonymous> (/usr/local/lib/node_modules/npm/node_modules/request/request.js:1187:12)
34 verbose stack     at IncomingMessage.emit (events.js:129:20)
34 verbose stack     at _stream_readable.js:908:16
34 verbose stack     at process._tickCallback (node.js:355:11)
35 verbose statusCode 403
36 verbose pkgid mft-upload
37 verbose cwd /Users/dave/git/mft-upload
38 error Darwin 10.8.0
39 error argv "node" "/usr/local/bin/npm" "publish"
40 error node v0.12.0
41 error npm  v2.5.1
42 error code E403
43 error "You cannot publish over the previously published version 1.0.0." : mft-upload
44 error If you need help, you may report this error at:
44 error     <http://github.com/npm/npm/issues>
45 verbose exit [ 1, true ]
